<?xml version="1.0" encoding="UTF-8"?>
<testsuite name="com.home.TestDemoqaFormRegistration" tests="1" skipped="0" failures="1" errors="0" timestamp="2024-05-13T13:03:12" hostname="HOME-PC" time="21.863">
  <properties/>
  <testcase name="Проверка формы регистрации" classname="com.home.TestDemoqaFormRegistration" time="21.863">
    <failure message="InvalidArgumentException: File not found: null&#13;&#10;Screenshot: file:/C:/Users/Людмила/IdeaProjects/DemoqaTestWithJenkinsAllure/build/reports/tests/1715605413871.0.png&#13;&#10;Page source: file:/C:/Users/Людмила/IdeaProjects/DemoqaTestWithJenkinsAllure/build/reports/tests/1715605413871.0.html&#13;&#10;Timeout: 4 s.&#13;&#10;Caused by: InvalidArgumentException: File not found: null" type="com.codeborne.selenide.ex.UIAssertionError">InvalidArgumentException: File not found: null
Screenshot: file:/C:/Users/Людмила/IdeaProjects/DemoqaTestWithJenkinsAllure/build/reports/tests/1715605413871.0.png
Page source: file:/C:/Users/Людмила/IdeaProjects/DemoqaTestWithJenkinsAllure/build/reports/tests/1715605413871.0.html
Timeout: 4 s.
Caused by: InvalidArgumentException: File not found: null
	at app//com.codeborne.selenide.ex.UIAssertionError.wrapToUIAssertionError(UIAssertionError.java:131)
	at app//com.codeborne.selenide.ex.UIAssertionError.wrapThrowable(UIAssertionError.java:114)
	at app//com.codeborne.selenide.ex.UIAssertionError.wrap(UIAssertionError.java:108)
	at app//com.codeborne.selenide.impl.SelenideElementProxy.invoke(SelenideElementProxy.java:94)
	at app/jdk.proxy3/jdk.proxy3.$Proxy23.uploadFromClasspath(Unknown Source)
	at app//pages.TestPageDemoqa.setUploadPicture(TestPageDemoqa.java:91)
	at app//com.home.TestDemoqaFormRegistration.demoqaRegistrationForm(TestDemoqaFormRegistration.java:42)
	at java.base@17.0.10/java.lang.reflect.Method.invoke(Method.java:568)
	at java.base@17.0.10/java.util.ArrayList.forEach(ArrayList.java:1511)
	at java.base@17.0.10/java.util.ArrayList.forEach(ArrayList.java:1511)
	Suppressed: org.openqa.selenium.UnsupportedCommandException: HTTP method not allowed
Command duration or timeout: 47 milliseconds
Build info: version: '4.10.0', revision: 'c14d967899'
System info: os.name: 'Windows 10', os.arch: 'amd64', os.version: '10.0', java.version: '17.0.10'
Driver info: org.openqa.selenium.remote.RemoteWebDriver
Command: [fcb4f505-efcc-4414-8be2-2ca23e8300b8, getLog {type=browser}]
Capabilities {acceptInsecureCerts: true, browserName: firefox, browserVersion: 123.0, moz:accessibilityChecks: false, moz:buildID: 20240213221259, moz:debuggerAddress: 127.0.0.1:9222, moz:geckodriverVersion: 0.34.0, moz:headless: false, moz:platformVersion: 4.19.0-26-amd64, moz:processID: 93, moz:profile: /tmp/rust_mozprofileSBRRjy, moz:shutdownTimeout: 60000, moz:webdriverClick: true, moz:windowless: false, pageLoadStrategy: normal, platformName: linux, proxy: Proxy(), se:cdp: ws://selenoid.autotests.clo..., setWindowRect: true, strictFileInteractability: false, timeouts: {implicit: 0, pageLoad: 300000, script: 30000}, unhandledPromptBehavior: accept}
Session ID: fcb4f505-efcc-4414-8be2-2ca23e8300b8
		at java.base@17.0.10/java.lang.reflect.Constructor.newInstanceWithCaller(Constructor.java:499)
		at java.base@17.0.10/java.lang.reflect.Constructor.newInstance(Constructor.java:480)
		at app//org.openqa.selenium.remote.ErrorHandler.createThrowable(ErrorHandler.java:220)
		at app//org.openqa.selenium.remote.ErrorHandler.throwIfResponseFailed(ErrorHandler.java:169)
		at app//org.openqa.selenium.remote.RemoteWebDriver.execute(RemoteWebDriver.java:570)
		at app//org.openqa.selenium.remote.RemoteWebDriver.execute(RemoteWebDriver.java:590)
		at app//org.openqa.selenium.remote.RemoteExecuteMethod.execute(RemoteExecuteMethod.java:39)
		at app//org.openqa.selenium.remote.RemoteLogs.getRemoteEntries(RemoteLogs.java:78)
		at app//org.openqa.selenium.remote.RemoteLogs.get(RemoteLogs.java:74)
		at app//com.codeborne.selenide.WebDriverLogs.getLogEntries(WebDriverLogs.java:40)
		at app//com.codeborne.selenide.WebDriverLogs.logs(WebDriverLogs.java:33)
		at app//com.codeborne.selenide.WebDriverLogs.logs(WebDriverLogs.java:27)
		at app//com.codeborne.selenide.Selenide.getWebDriverLogs(Selenide.java:840)
		at app//helpers.Attach.browserConsoleLogs(Attach.java:35)
		at app//com.home.TestBase.addAttachments(TestBase.java:74)
		at java.base@17.0.10/java.lang.reflect.Method.invoke(Method.java:568)
		at app//io.qameta.allure.junit5.AllureJunit5.processFixture(AllureJunit5.java:138)
		at app//io.qameta.allure.junit5.AllureJunit5.interceptAfterEachMethod(AllureJunit5.java:124)
		... 2 more
Caused by: org.openqa.selenium.InvalidArgumentException: File not found: null
Build info: version: '4.10.0', revision: 'c14d967899'
System info: os.name: 'Windows 10', os.arch: 'amd64', os.version: '10.0', java.version: '17.0.10'
Driver info: org.openqa.selenium.remote.RemoteWebDriver
Command: [fcb4f505-efcc-4414-8be2-2ca23e8300b8, sendKeysToElement {id=a1cc31f9-334e-4ceb-8388-f72dd643e177, value=[Ljava.lang.CharSequence;@5c39da9e}]
Capabilities {acceptInsecureCerts: true, browserName: firefox, browserVersion: 123.0, moz:accessibilityChecks: false, moz:buildID: 20240213221259, moz:debuggerAddress: 127.0.0.1:9222, moz:geckodriverVersion: 0.34.0, moz:headless: false, moz:platformVersion: 4.19.0-26-amd64, moz:processID: 93, moz:profile: /tmp/rust_mozprofileSBRRjy, moz:shutdownTimeout: 60000, moz:webdriverClick: true, moz:windowless: false, pageLoadStrategy: normal, platformName: linux, proxy: Proxy(), se:cdp: ws://selenoid.autotests.clo..., setWindowRect: true, strictFileInteractability: false, timeouts: {implicit: 0, pageLoad: 300000, script: 30000}, unhandledPromptBehavior: accept}
Element: [[RemoteWebDriver: firefox on linux (fcb4f505-efcc-4414-8be2-2ca23e8300b8)] -&gt; css selector: #uploadPicture]
Session ID: fcb4f505-efcc-4414-8be2-2ca23e8300b8
	at java.base@17.0.10/jdk.internal.reflect.NativeConstructorAccessorImpl.newInstance0(Native Method)
	at java.base@17.0.10/jdk.internal.reflect.NativeConstructorAccessorImpl.newInstance(NativeConstructorAccessorImpl.java:77)
	at java.base@17.0.10/jdk.internal.reflect.DelegatingConstructorAccessorImpl.newInstance(DelegatingConstructorAccessorImpl.java:45)
	at java.base@17.0.10/java.lang.reflect.Constructor.newInstanceWithCaller(Constructor.java:499)
	at java.base@17.0.10/java.lang.reflect.Constructor.newInstance(Constructor.java:480)
	at app//org.openqa.selenium.remote.codec.w3c.W3CHttpResponseCodec.createException(W3CHttpResponseCodec.java:199)
	at app//org.openqa.selenium.remote.codec.w3c.W3CHttpResponseCodec.decode(W3CHttpResponseCodec.java:132)
	at app//org.openqa.selenium.remote.codec.w3c.W3CHttpResponseCodec.decode(W3CHttpResponseCodec.java:51)
	at app//org.openqa.selenium.remote.HttpCommandExecutor.execute(HttpCommandExecutor.java:191)
	at app//org.openqa.selenium.remote.RemoteWebDriver.execute(RemoteWebDriver.java:531)
	at app//org.openqa.selenium.remote.RemoteWebElement.execute(RemoteWebElement.java:242)
	at app//org.openqa.selenium.remote.RemoteWebElement.sendKeys(RemoteWebElement.java:111)
	at app//com.codeborne.selenide.commands.UploadFile.uploadFiles(UploadFile.java:78)
	at app//com.codeborne.selenide.commands.UploadFile.execute(UploadFile.java:42)
	at app//com.codeborne.selenide.commands.UploadFileFromClasspath.execute(UploadFileFromClasspath.java:38)
	at app//com.codeborne.selenide.commands.UploadFileFromClasspath.execute(UploadFileFromClasspath.java:24)
	at app//com.codeborne.selenide.commands.Commands.execute(Commands.java:162)
	at app//com.codeborne.selenide.impl.SelenideElementProxy.dispatchAndRetry(SelenideElementProxy.java:132)
	at app//com.codeborne.selenide.impl.SelenideElementProxy.invoke(SelenideElementProxy.java:84)
	... 6 more
</failure>
  </testcase>
  <system-out><![CDATA[]]></system-out>
  <system-err><![CDATA[[Test worker] INFO com.codeborne.selenide.impl.WebDriverThreadLocalContainer - No webdriver is bound to current thread: 1 - let's create a new webdriver
[Test worker] INFO com.codeborne.selenide.webdriver.BrowserResizer - Set browser size to 1366x768
[Test worker] INFO com.codeborne.selenide.webdriver.WebDriverFactory - BrowserName=firefox Version=123.0 Platform=linux
[Test worker] INFO com.codeborne.selenide.webdriver.WebDriverFactory - Selenide v. 6.16.1
[Test worker] INFO com.codeborne.selenide.webdriver.WebDriverFactory - Selenium WebDriver v. 4.10.0 build revision: c14d967899
[Test worker] INFO com.codeborne.selenide.drivercommands.CreateDriverCommand - Created webdriver in thread 1: RemoteWebDriver -> RemoteWebDriver: firefox on linux (fcb4f505-efcc-4414-8be2-2ca23e8300b8)
[Test worker] INFO com.codeborne.selenide.drivercommands.DisposablesRegistry - Register WebDriverInstance[config=StaticConfig,webDriver=RemoteWebDriver: firefox on linux (fcb4f505-efcc-4414-8be2-2ca23e8300b8),proxy=null,downloadsFolder=null] in 1 [size=1]
[Test worker] INFO com.codeborne.selenide.drivercommands.DisposablesRegistry - Add shutdown hook in 1 [size=1]
]]></system-err>
</testsuite>
