<?xml version="1.0" encoding="UTF-8"?>
<testsuite name="com.home.properties.SystemProperties" tests="2" skipped="0" failures="0" errors="0" timestamp="2024-05-12T13:04:04" hostname="HOME-PC" time="0.289">
  <properties/>
  <testcase name="systenPropertyTest2()" classname="com.home.properties.SystemProperties" time="0.037"/>
  <testcase name="systenPropertyTest3()" classname="com.home.properties.SystemProperties" time="0.002"/>
  <system-out><![CDATA[firefox
Hello,unknown_student
]]></system-out>
  <system-err><![CDATA[]]></system-err>
</testsuite>
